[2026-05-11 12:30:12,270] INFO [fitcontrol.auth:53] Login successful: coach@test.com
[2026-05-11 12:30:12,555] INFO [fitcontrol.auth:53] Login successful: coach@test.com
[2026-05-11 12:30:12,555] INFO [fitcontrol.auth:53] Login successful: coach@test.com
[2026-05-11 12:30:12,864] INFO [fitcontrol.auth:53] Login successful: c2@test.com
[2026-05-11 12:30:12,864] INFO [fitcontrol.auth:53] Login successful: c2@test.com
[2026-05-11 12:30:12,864] INFO [fitcontrol.auth:53] Login successful: c2@test.com
[2026-05-11 12:30:13,000] INFO [fitcontrol.auth:20] New user registered: novo@coach.com
[2026-05-11 12:30:13,000] INFO [fitcontrol.auth:20] New user registered: novo@coach.com
[2026-05-11 12:30:13,000] INFO [fitcontrol.auth:20] New user registered: novo@coach.com
[2026-05-11 12:30:13,000] INFO [fitcontrol.auth:20] New user registered: novo@coach.com
[2026-05-11 12:30:13,000] INFO [fitcontrol.auth:20] New user registered: novo@coach.com
[2026-05-11 12:30:13,161] INFO [fitcontrol.auth:53] Login successful: coach@test.com
[2026-05-11 12:30:13,161] INFO [fitcontrol.auth:53] Login successful: coach@test.com
[2026-05-11 12:30:13,161] INFO [fitcontrol.auth:53] Login successful: coach@test.com
[2026-05-11 12:30:13,161] INFO [fitcontrol.auth:53] Login successful: coach@test.com
[2026-05-11 12:30:13,161] INFO [fitcontrol.auth:53] Login successful: coach@test.com
[2026-05-11 12:30:13,161] INFO [fitcontrol.auth:53] Login successful: coach@test.com
[2026-05-11 12:30:13,450] INFO [fitcontrol.auth:53] Login successful: coach@test.com
[2026-05-11 12:30:13,450] INFO [fitcontrol.auth:53] Login successful: coach@test.com
[2026-05-11 12:30:13,450] INFO [fitcontrol.auth:53] Login successful: coach@test.com
[2026-05-11 12:30:13,450] INFO [fitcontrol.auth:53] Login successful: coach@test.com
[2026-05-11 12:30:13,450] INFO [fitcontrol.auth:53] Login successful: coach@test.com
[2026-05-11 12:30:13,450] INFO [fitcontrol.auth:53] Login successful: coach@test.com
[2026-05-11 12:30:13,450] INFO [fitcontrol.auth:53] Login successful: coach@test.com
[2026-05-11 12:30:13,450] INFO [fitcontrol.auth:53] Login successful: coach@test.com
[2026-05-11 12:30:13,450] INFO [fitcontrol.auth:53] Login successful: coach@test.com
[2026-05-11 12:30:13,727] INFO [fitcontrol.auth:53] Login successful: coach@test.com
[2026-05-11 12:30:13,727] INFO [fitcontrol.auth:53] Login successful: coach@test.com
[2026-05-11 12:30:13,727] INFO [fitcontrol.auth:53] Login successful: coach@test.com
[2026-05-11 12:30:13,727] INFO [fitcontrol.auth:53] Login successful: coach@test.com
[2026-05-11 12:30:13,727] INFO [fitcontrol.auth:53] Login successful: coach@test.com
[2026-05-11 12:30:13,727] INFO [fitcontrol.auth:53] Login successful: coach@test.com
[2026-05-11 12:30:13,727] INFO [fitcontrol.auth:53] Login successful: coach@test.com
[2026-05-11 12:30:13,727] INFO [fitcontrol.auth:53] Login successful: coach@test.com
[2026-05-11 12:30:13,727] INFO [fitcontrol.auth:53] Login successful: coach@test.com
[2026-05-11 12:30:13,727] INFO [fitcontrol.auth:53] Login successful: coach@test.com
[2026-05-11 12:30:13,945] INFO [fitcontrol.auth:53] Login successful: coach@test.com
[2026-05-11 12:30:13,945] INFO [fitcontrol.auth:53] Login successful: coach@test.com
[2026-05-11 12:30:13,945] INFO [fitcontrol.auth:53] Login successful: coach@test.com
[2026-05-11 12:30:13,945] INFO [fitcontrol.auth:53] Login successful: coach@test.com
[2026-05-11 12:30:13,945] INFO [fitcontrol.auth:53] Login successful: coach@test.com
[2026-05-11 12:30:13,945] INFO [fitcontrol.auth:53] Login successful: coach@test.com
[2026-05-11 12:30:13,945] INFO [fitcontrol.auth:53] Login successful: coach@test.com
[2026-05-11 12:30:13,945] INFO [fitcontrol.auth:53] Login successful: coach@test.com
[2026-05-11 12:30:13,945] INFO [fitcontrol.auth:53] Login successful: coach@test.com
[2026-05-11 12:30:13,945] INFO [fitcontrol.auth:53] Login successful: coach@test.com
[2026-05-11 12:30:13,945] INFO [fitcontrol.auth:53] Login successful: coach@test.com
[2026-05-11 12:30:14,180] INFO [fitcontrol.auth:53] Login successful: coach@test.com
[2026-05-11 12:30:14,180] INFO [fitcontrol.auth:53] Login successful: coach@test.com
[2026-05-11 12:30:14,180] INFO [fitcontrol.auth:53] Login successful: coach@test.com
[2026-05-11 12:30:14,180] INFO [fitcontrol.auth:53] Login successful: coach@test.com
[2026-05-11 12:30:14,180] INFO [fitcontrol.auth:53] Login successful: coach@test.com
[2026-05-11 12:30:14,180] INFO [fitcontrol.auth:53] Login successful: coach@test.com
[2026-05-11 12:30:14,180] INFO [fitcontrol.auth:53] Login successful: coach@test.com
[2026-05-11 12:30:14,180] INFO [fitcontrol.auth:53] Login successful: coach@test.com
[2026-05-11 12:30:14,180] INFO [fitcontrol.auth:53] Login successful: coach@test.com
[2026-05-11 12:30:14,180] INFO [fitcontrol.auth:53] Login successful: coach@test.com
[2026-05-11 12:30:14,180] INFO [fitcontrol.auth:53] Login successful: coach@test.com
[2026-05-11 12:30:14,180] INFO [fitcontrol.auth:53] Login successful: coach@test.com
[2026-05-11 12:30:14,408] INFO [fitcontrol.auth:53] Login successful: coach@test.com
[2026-05-11 12:30:14,408] INFO [fitcontrol.auth:53] Login successful: coach@test.com
[2026-05-11 12:30:14,408] INFO [fitcontrol.auth:53] Login successful: coach@test.com
[2026-05-11 12:30:14,408] INFO [fitcontrol.auth:53] Login successful: coach@test.com
[2026-05-11 12:30:14,408] INFO [fitcontrol.auth:53] Login successful: coach@test.com
[2026-05-11 12:30:14,408] INFO [fitcontrol.auth:53] Login successful: coach@test.com
[2026-05-11 12:30:14,408] INFO [fitcontrol.auth:53] Login successful: coach@test.com
[2026-05-11 12:30:14,408] INFO [fitcontrol.auth:53] Login successful: coach@test.com
[2026-05-11 12:30:14,408] INFO [fitcontrol.auth:53] Login successful: coach@test.com
[2026-05-11 12:30:14,408] INFO [fitcontrol.auth:53] Login successful: coach@test.com
[2026-05-11 12:30:14,408] INFO [fitcontrol.auth:53] Login successful: coach@test.com
[2026-05-11 12:30:14,408] INFO [fitcontrol.auth:53] Login successful: coach@test.com
[2026-05-11 12:30:14,408] INFO [fitcontrol.auth:53] Login successful: coach@test.com
[2026-05-11 12:30:14,642] INFO [fitcontrol.auth:53] Login successful: coach@test.com
[2026-05-11 12:30:14,642] INFO [fitcontrol.auth:53] Login successful: coach@test.com
[2026-05-11 12:30:14,642] INFO [fitcontrol.auth:53] Login successful: coach@test.com
[2026-05-11 12:30:14,642] INFO [fitcontrol.auth:53] Login successful: coach@test.com
[2026-05-11 12:30:14,642] INFO [fitcontrol.auth:53] Login successful: coach@test.com
[2026-05-11 12:30:14,642] INFO [fitcontrol.auth:53] Login successful: coach@test.com
[2026-05-11 12:30:14,642] INFO [fitcontrol.auth:53] Login successful: coach@test.com
[2026-05-11 12:30:14,642] INFO [fitcontrol.auth:53] Login successful: coach@test.com
[2026-05-11 12:30:14,642] INFO [fitcontrol.auth:53] Login successful: coach@test.com
[2026-05-11 12:30:14,642] INFO [fitcontrol.auth:53] Login successful: coach@test.com
[2026-05-11 12:30:14,642] INFO [fitcontrol.auth:53] Login successful: coach@test.com
[2026-05-11 12:30:14,642] INFO [fitcontrol.auth:53] Login successful: coach@test.com
[2026-05-11 12:30:14,642] INFO [fitcontrol.auth:53] Login successful: coach@test.com
[2026-05-11 12:30:14,642] INFO [fitcontrol.auth:53] Login successful: coach@test.com
[2026-05-11 12:30:14,869] INFO [fitcontrol.auth:53] Login successful: coach@test.com
[2026-05-11 12:30:14,869] INFO [fitcontrol.auth:53] Login successful: coach@test.com
[2026-05-11 12:30:14,869] INFO [fitcontrol.auth:53] Login successful: coach@test.com
[2026-05-11 12:30:14,869] INFO [fitcontrol.auth:53] Login successful: coach@test.com
[2026-05-11 12:30:14,869] INFO [fitcontrol.auth:53] Login successful: coach@test.com
[2026-05-11 12:30:14,869] INFO [fitcontrol.auth:53] Login successful: coach@test.com
[2026-05-11 12:30:14,869] INFO [fitcontrol.auth:53] Login successful: coach@test.com
[2026-05-11 12:30:14,869] INFO [fitcontrol.auth:53] Login successful: coach@test.com
[2026-05-11 12:30:14,869] INFO [fitcontrol.auth:53] Login successful: coach@test.com
[2026-05-11 12:30:14,869] INFO [fitcontrol.auth:53] Login successful: coach@test.com
[2026-05-11 12:30:14,869] INFO [fitcontrol.auth:53] Login successful: coach@test.com
[2026-05-11 12:30:14,869] INFO [fitcontrol.auth:53] Login successful: coach@test.com
[2026-05-11 12:30:14,869] INFO [fitcontrol.auth:53] Login successful: coach@test.com
[2026-05-11 12:30:14,869] INFO [fitcontrol.auth:53] Login successful: coach@test.com
[2026-05-11 12:30:14,869] INFO [fitcontrol.auth:53] Login successful: coach@test.com
[2026-05-11 12:30:15,092] INFO [fitcontrol.auth:53] Login successful: coach@test.com
[2026-05-11 12:30:15,092] INFO [fitcontrol.auth:53] Login successful: coach@test.com
[2026-05-11 12:30:15,092] INFO [fitcontrol.auth:53] Login successful: coach@test.com
[2026-05-11 12:30:15,092] INFO [fitcontrol.auth:53] Login successful: coach@test.com
[2026-05-11 12:30:15,092] INFO [fitcontrol.auth:53] Login successful: coach@test.com
[2026-05-11 12:30:15,092] INFO [fitcontrol.auth:53] Login successful: coach@test.com
[2026-05-11 12:30:15,092] INFO [fitcontrol.auth:53] Login successful: coach@test.com
[2026-05-11 12:30:15,092] INFO [fitcontrol.auth:53] Login successful: coach@test.com
[2026-05-11 12:30:15,092] INFO [fitcontrol.auth:53] Login successful: coach@test.com
[2026-05-11 12:30:15,092] INFO [fitcontrol.auth:53] Login successful: coach@test.com
[2026-05-11 12:30:15,092] INFO [fitcontrol.auth:53] Login successful: coach@test.com
[2026-05-11 12:30:15,092] INFO [fitcontrol.auth:53] Login successful: coach@test.com
[2026-05-11 12:30:15,092] INFO [fitcontrol.auth:53] Login successful: coach@test.com
[2026-05-11 12:30:15,092] INFO [fitcontrol.auth:53] Login successful: coach@test.com
[2026-05-11 12:30:15,092] INFO [fitcontrol.auth:53] Login successful: coach@test.com
[2026-05-11 12:30:15,092] INFO [fitcontrol.auth:53] Login successful: coach@test.com
[2026-05-11 14:26:23,450] INFO [fitcontrol.auth:53] Login successful: coach@test.com
[2026-05-11 14:26:24,343] INFO [fitcontrol.auth:53] Login successful: coach@test.com
[2026-05-11 14:26:24,343] INFO [fitcontrol.auth:53] Login successful: coach@test.com
[2026-05-11 14:26:25,496] INFO [fitcontrol.auth:53] Login successful: c2@test.com
[2026-05-11 14:26:25,496] INFO [fitcontrol.auth:53] Login successful: c2@test.com
[2026-05-11 14:26:25,496] INFO [fitcontrol.auth:53] Login successful: c2@test.com
[2026-05-11 14:26:26,034] INFO [fitcontrol.auth:20] New user registered: novo@coach.com
[2026-05-11 14:26:26,034] INFO [fitcontrol.auth:20] New user registered: novo@coach.com
[2026-05-11 14:26:26,034] INFO [fitcontrol.auth:20] New user registered: novo@coach.com
[2026-05-11 14:26:26,034] INFO [fitcontrol.auth:20] New user registered: novo@coach.com
[2026-05-11 14:26:26,034] INFO [fitcontrol.auth:20] New user registered: novo@coach.com
[2026-05-11 14:26:26,825] INFO [fitcontrol.auth:53] Login successful: coach@test.com
[2026-05-11 14:26:26,825] INFO [fitcontrol.auth:53] Login successful: coach@test.com
[2026-05-11 14:26:26,825] INFO [fitcontrol.auth:53] Login successful: coach@test.com
[2026-05-11 14:26:26,825] INFO [fitcontrol.auth:53] Login successful: coach@test.com
[2026-05-11 14:26:26,825] INFO [fitcontrol.auth:53] Login successful: coach@test.com
[2026-05-11 14:26:26,825] INFO [fitcontrol.auth:53] Login successful: coach@test.com
[2026-05-11 14:26:28,382] INFO [fitcontrol.auth:53] Login successful: coach@test.com
[2026-05-11 14:26:28,382] INFO [fitcontrol.auth:53] Login successful: coach@test.com
[2026-05-11 14:26:28,382] INFO [fitcontrol.auth:53] Login successful: coach@test.com
[2026-05-11 14:26:28,382] INFO [fitcontrol.auth:53] Login successful: coach@test.com
[2026-05-11 14:26:28,382] INFO [fitcontrol.auth:53] Login successful: coach@test.com
[2026-05-11 14:26:28,382] INFO [fitcontrol.auth:53] Login successful: coach@test.com
[2026-05-11 14:26:28,382] INFO [fitcontrol.auth:53] Login successful: coach@test.com
[2026-05-11 14:26:28,382] INFO [fitcontrol.auth:53] Login successful: coach@test.com
[2026-05-11 14:26:28,382] INFO [fitcontrol.auth:53] Login successful: coach@test.com
[2026-05-11 14:26:29,208] INFO [fitcontrol.auth:53] Login successful: coach@test.com
[2026-05-11 14:26:29,208] INFO [fitcontrol.auth:53] Login successful: coach@test.com
[2026-05-11 14:26:29,208] INFO [fitcontrol.auth:53] Login successful: coach@test.com
[2026-05-11 14:26:29,208] INFO [fitcontrol.auth:53] Login successful: coach@test.com
[2026-05-11 14:26:29,208] INFO [fitcontrol.auth:53] Login successful: coach@test.com
[2026-05-11 14:26:29,208] INFO [fitcontrol.auth:53] Login successful: coach@test.com
[2026-05-11 14:26:29,208] INFO [fitcontrol.auth:53] Login successful: coach@test.com
[2026-05-11 14:26:29,208] INFO [fitcontrol.auth:53] Login successful: coach@test.com
[2026-05-11 14:26:29,208] INFO [fitcontrol.auth:53] Login successful: coach@test.com
[2026-05-11 14:26:29,208] INFO [fitcontrol.auth:53] Login successful: coach@test.com
[2026-05-11 14:26:30,002] INFO [fitcontrol.auth:53] Login successful: coach@test.com
[2026-05-11 14:26:30,002] INFO [fitcontrol.auth:53] Login successful: coach@test.com
[2026-05-11 14:26:30,002] INFO [fitcontrol.auth:53] Login successful: coach@test.com
[2026-05-11 14:26:30,002] INFO [fitcontrol.auth:53] Login successful: coach@test.com
[2026-05-11 14:26:30,002] INFO [fitcontrol.auth:53] Login successful: coach@test.com
[2026-05-11 14:26:30,002] INFO [fitcontrol.auth:53] Login successful: coach@test.com
[2026-05-11 14:26:30,002] INFO [fitcontrol.auth:53] Login successful: coach@test.com
[2026-05-11 14:26:30,002] INFO [fitcontrol.auth:53] Login successful: coach@test.com
[2026-05-11 14:26:30,002] INFO [fitcontrol.auth:53] Login successful: coach@test.com
[2026-05-11 14:26:30,002] INFO [fitcontrol.auth:53] Login successful: coach@test.com
[2026-05-11 14:26:30,002] INFO [fitcontrol.auth:53] Login successful: coach@test.com
[2026-05-11 14:26:30,833] INFO [fitcontrol.auth:53] Login successful: coach@test.com
[2026-05-11 14:26:30,833] INFO [fitcontrol.auth:53] Login successful: coach@test.com
[2026-05-11 14:26:30,833] INFO [fitcontrol.auth:53] Login successful: coach@test.com
[2026-05-11 14:26:30,833] INFO [fitcontrol.auth:53] Login successful: coach@test.com
[2026-05-11 14:26:30,833] INFO [fitcontrol.auth:53] Login successful: coach@test.com
[2026-05-11 14:26:30,833] INFO [fitcontrol.auth:53] Login successful: coach@test.com
[2026-05-11 14:26:30,833] INFO [fitcontrol.auth:53] Login successful: coach@test.com
[2026-05-11 14:26:30,833] INFO [fitcontrol.auth:53] Login successful: coach@test.com
[2026-05-11 14:26:30,833] INFO [fitcontrol.auth:53] Login successful: coach@test.com
[2026-05-11 14:26:30,833] INFO [fitcontrol.auth:53] Login successful: coach@test.com
[2026-05-11 14:26:30,833] INFO [fitcontrol.auth:53] Login successful: coach@test.com
[2026-05-11 14:26:30,833] INFO [fitcontrol.auth:53] Login successful: coach@test.com
[2026-05-11 14:26:31,780] INFO [fitcontrol.auth:53] Login successful: coach@test.com
[2026-05-11 14:26:31,780] INFO [fitcontrol.auth:53] Login successful: coach@test.com
[2026-05-11 14:26:31,780] INFO [fitcontrol.auth:53] Login successful: coach@test.com
[2026-05-11 14:26:31,780] INFO [fitcontrol.auth:53] Login successful: coach@test.com
[2026-05-11 14:26:31,780] INFO [fitcontrol.auth:53] Login successful: coach@test.com
[2026-05-11 14:26:31,780] INFO [fitcontrol.auth:53] Login successful: coach@test.com
[2026-05-11 14:26:31,780] INFO [fitcontrol.auth:53] Login successful: coach@test.com
[2026-05-11 14:26:31,780] INFO [fitcontrol.auth:53] Login successful: coach@test.com
[2026-05-11 14:26:31,780] INFO [fitcontrol.auth:53] Login successful: coach@test.com
[2026-05-11 14:26:31,780] INFO [fitcontrol.auth:53] Login successful: coach@test.com
[2026-05-11 14:26:31,780] INFO [fitcontrol.auth:53] Login successful: coach@test.com
[2026-05-11 14:26:31,780] INFO [fitcontrol.auth:53] Login successful: coach@test.com
[2026-05-11 14:26:31,780] INFO [fitcontrol.auth:53] Login successful: coach@test.com
[2026-05-11 14:26:32,588] INFO [fitcontrol.auth:53] Login successful: coach@test.com
[2026-05-11 14:26:32,588] INFO [fitcontrol.auth:53] Login successful: coach@test.com
[2026-05-11 14:26:32,588] INFO [fitcontrol.auth:53] Login successful: coach@test.com
[2026-05-11 14:26:32,588] INFO [fitcontrol.auth:53] Login successful: coach@test.com
[2026-05-11 14:26:32,588] INFO [fitcontrol.auth:53] Login successful: coach@test.com
[2026-05-11 14:26:32,588] INFO [fitcontrol.auth:53] Login successful: coach@test.com
[2026-05-11 14:26:32,588] INFO [fitcontrol.auth:53] Login successful: coach@test.com
[2026-05-11 14:26:32,588] INFO [fitcontrol.auth:53] Login successful: coach@test.com
[2026-05-11 14:26:32,588] INFO [fitcontrol.auth:53] Login successful: coach@test.com
[2026-05-11 14:26:32,588] INFO [fitcontrol.auth:53] Login successful: coach@test.com
[2026-05-11 14:26:32,588] INFO [fitcontrol.auth:53] Login successful: coach@test.com
[2026-05-11 14:26:32,588] INFO [fitcontrol.auth:53] Login successful: coach@test.com
[2026-05-11 14:26:32,588] INFO [fitcontrol.auth:53] Login successful: coach@test.com
[2026-05-11 14:26:32,588] INFO [fitcontrol.auth:53] Login successful: coach@test.com
[2026-05-11 14:26:33,388] INFO [fitcontrol.auth:53] Login successful: coach@test.com
[2026-05-11 14:26:33,388] INFO [fitcontrol.auth:53] Login successful: coach@test.com
[2026-05-11 14:26:33,388] INFO [fitcontrol.auth:53] Login successful: coach@test.com
[2026-05-11 14:26:33,388] INFO [fitcontrol.auth:53] Login successful: coach@test.com
[2026-05-11 14:26:33,388] INFO [fitcontrol.auth:53] Login successful: coach@test.com
[2026-05-11 14:26:33,388] INFO [fitcontrol.auth:53] Login successful: coach@test.com
[2026-05-11 14:26:33,388] INFO [fitcontrol.auth:53] Login successful: coach@test.com
[2026-05-11 14:26:33,388] INFO [fitcontrol.auth:53] Login successful: coach@test.com
[2026-05-11 14:26:33,388] INFO [fitcontrol.auth:53] Login successful: coach@test.com
[2026-05-11 14:26:33,388] INFO [fitcontrol.auth:53] Login successful: coach@test.com
[2026-05-11 14:26:33,388] INFO [fitcontrol.auth:53] Login successful: coach@test.com
[2026-05-11 14:26:33,388] INFO [fitcontrol.auth:53] Login successful: coach@test.com
[2026-05-11 14:26:33,388] INFO [fitcontrol.auth:53] Login successful: coach@test.com
[2026-05-11 14:26:33,388] INFO [fitcontrol.auth:53] Login successful: coach@test.com
[2026-05-11 14:26:33,388] INFO [fitcontrol.auth:53] Login successful: coach@test.com
[2026-05-11 14:26:34,191] INFO [fitcontrol.auth:53] Login successful: coach@test.com
[2026-05-11 14:26:34,191] INFO [fitcontrol.auth:53] Login successful: coach@test.com
[2026-05-11 14:26:34,191] INFO [fitcontrol.auth:53] Login successful: coach@test.com
[2026-05-11 14:26:34,191] INFO [fitcontrol.auth:53] Login successful: coach@test.com
[2026-05-11 14:26:34,191] INFO [fitcontrol.auth:53] Login successful: coach@test.com
[2026-05-11 14:26:34,191] INFO [fitcontrol.auth:53] Login successful: coach@test.com
[2026-05-11 14:26:34,191] INFO [fitcontrol.auth:53] Login successful: coach@test.com
[2026-05-11 14:26:34,191] INFO [fitcontrol.auth:53] Login successful: coach@test.com
[2026-05-11 14:26:34,191] INFO [fitcontrol.auth:53] Login successful: coach@test.com
[2026-05-11 14:26:34,191] INFO [fitcontrol.auth:53] Login successful: coach@test.com
[2026-05-11 14:26:34,191] INFO [fitcontrol.auth:53] Login successful: coach@test.com
[2026-05-11 14:26:34,191] INFO [fitcontrol.auth:53] Login successful: coach@test.com
[2026-05-11 14:26:34,191] INFO [fitcontrol.auth:53] Login successful: coach@test.com
[2026-05-11 14:26:34,191] INFO [fitcontrol.auth:53] Login successful: coach@test.com
[2026-05-11 14:26:34,191] INFO [fitcontrol.auth:53] Login successful: coach@test.com
[2026-05-11 14:26:34,191] INFO [fitcontrol.auth:53] Login successful: coach@test.com
[2026-05-11 14:44:24,747] INFO [fitcontrol.auth:20] New user registered: backofficeailson@gmail.com
[2026-05-11 20:04:52,113] INFO [fitcontrol.auth:53] Login successful: backofficeailson@gmail.com
[2026-05-11 20:13:11,050] INFO [fitcontrol.auth:53] Login successful: coach@test.com
[2026-05-11 20:13:11,888] INFO [fitcontrol.auth:53] Login successful: coach@test.com
[2026-05-11 20:13:11,888] INFO [fitcontrol.auth:53] Login successful: coach@test.com
[2026-05-11 20:13:12,977] INFO [fitcontrol.auth:53] Login successful: c2@test.com
[2026-05-11 20:13:12,977] INFO [fitcontrol.auth:53] Login successful: c2@test.com
[2026-05-11 20:13:12,977] INFO [fitcontrol.auth:53] Login successful: c2@test.com
[2026-05-11 20:13:13,516] INFO [fitcontrol.auth:20] New user registered: novo@coach.com
[2026-05-11 20:13:13,516] INFO [fitcontrol.auth:20] New user registered: novo@coach.com
[2026-05-11 20:13:13,516] INFO [fitcontrol.auth:20] New user registered: novo@coach.com
[2026-05-11 20:13:13,516] INFO [fitcontrol.auth:20] New user registered: novo@coach.com
[2026-05-11 20:13:13,516] INFO [fitcontrol.auth:20] New user registered: novo@coach.com
[2026-05-11 20:13:14,280] INFO [fitcontrol.auth:53] Login successful: coach@test.com
[2026-05-11 20:13:14,280] INFO [fitcontrol.auth:53] Login successful: coach@test.com
[2026-05-11 20:13:14,280] INFO [fitcontrol.auth:53] Login successful: coach@test.com
[2026-05-11 20:13:14,280] INFO [fitcontrol.auth:53] Login successful: coach@test.com
[2026-05-11 20:13:14,280] INFO [fitcontrol.auth:53] Login successful: coach@test.com
[2026-05-11 20:13:14,280] INFO [fitcontrol.auth:53] Login successful: coach@test.com
[2026-05-11 20:13:15,786] INFO [fitcontrol.auth:53] Login successful: coach@test.com
[2026-05-11 20:13:15,786] INFO [fitcontrol.auth:53] Login successful: coach@test.com
[2026-05-11 20:13:15,786] INFO [fitcontrol.auth:53] Login successful: coach@test.com
[2026-05-11 20:13:15,786] INFO [fitcontrol.auth:53] Login successful: coach@test.com
[2026-05-11 20:13:15,786] INFO [fitcontrol.auth:53] Login successful: coach@test.com
[2026-05-11 20:13:15,786] INFO [fitcontrol.auth:53] Login successful: coach@test.com
[2026-05-11 20:13:15,786] INFO [fitcontrol.auth:53] Login successful: coach@test.com
[2026-05-11 20:13:15,786] INFO [fitcontrol.auth:53] Login successful: coach@test.com
[2026-05-11 20:13:15,786] INFO [fitcontrol.auth:53] Login successful: coach@test.com
[2026-05-11 20:13:16,550] INFO [fitcontrol.auth:53] Login successful: coach@test.com
[2026-05-11 20:13:16,550] INFO [fitcontrol.auth:53] Login successful: coach@test.com
[2026-05-11 20:13:16,550] INFO [fitcontrol.auth:53] Login successful: coach@test.com
[2026-05-11 20:13:16,550] INFO [fitcontrol.auth:53] Login successful: coach@test.com
[2026-05-11 20:13:16,550] INFO [fitcontrol.auth:53] Login successful: coach@test.com
[2026-05-11 20:13:16,550] INFO [fitcontrol.auth:53] Login successful: coach@test.com
[2026-05-11 20:13:16,550] INFO [fitcontrol.auth:53] Login successful: coach@test.com
[2026-05-11 20:13:16,550] INFO [fitcontrol.auth:53] Login successful: coach@test.com
[2026-05-11 20:13:16,550] INFO [fitcontrol.auth:53] Login successful: coach@test.com
[2026-05-11 20:13:16,550] INFO [fitcontrol.auth:53] Login successful: coach@test.com
[2026-05-11 20:13:17,353] INFO [fitcontrol.auth:53] Login successful: coach@test.com
[2026-05-11 20:13:17,353] INFO [fitcontrol.auth:53] Login successful: coach@test.com
[2026-05-11 20:13:17,353] INFO [fitcontrol.auth:53] Login successful: coach@test.com
[2026-05-11 20:13:17,353] INFO [fitcontrol.auth:53] Login successful: coach@test.com
[2026-05-11 20:13:17,353] INFO [fitcontrol.auth:53] Login successful: coach@test.com
[2026-05-11 20:13:17,353] INFO [fitcontrol.auth:53] Login successful: coach@test.com
[2026-05-11 20:13:17,353] INFO [fitcontrol.auth:53] Login successful: coach@test.com
[2026-05-11 20:13:17,353] INFO [fitcontrol.auth:53] Login successful: coach@test.com
[2026-05-11 20:13:17,353] INFO [fitcontrol.auth:53] Login successful: coach@test.com
[2026-05-11 20:13:17,353] INFO [fitcontrol.auth:53] Login successful: coach@test.com
[2026-05-11 20:13:17,353] INFO [fitcontrol.auth:53] Login successful: coach@test.com
[2026-05-11 20:13:18,402] INFO [fitcontrol.auth:53] Login successful: coach@test.com
[2026-05-11 20:13:18,402] INFO [fitcontrol.auth:53] Login successful: coach@test.com
[2026-05-11 20:13:18,402] INFO [fitcontrol.auth:53] Login successful: coach@test.com
[2026-05-11 20:13:18,402] INFO [fitcontrol.auth:53] Login successful: coach@test.com
[2026-05-11 20:13:18,402] INFO [fitcontrol.auth:53] Login successful: coach@test.com
[2026-05-11 20:13:18,402] INFO [fitcontrol.auth:53] Login successful: coach@test.com
[2026-05-11 20:13:18,402] INFO [fitcontrol.auth:53] Login successful: coach@test.com
[2026-05-11 20:13:18,402] INFO [fitcontrol.auth:53] Login successful: coach@test.com
[2026-05-11 20:13:18,402] INFO [fitcontrol.auth:53] Login successful: coach@test.com
[2026-05-11 20:13:18,402] INFO [fitcontrol.auth:53] Login successful: coach@test.com
[2026-05-11 20:13:18,402] INFO [fitcontrol.auth:53] Login successful: coach@test.com
[2026-05-11 20:13:18,402] INFO [fitcontrol.auth:53] Login successful: coach@test.com
[2026-05-11 20:13:19,232] INFO [fitcontrol.auth:53] Login successful: coach@test.com
[2026-05-11 20:13:19,232] INFO [fitcontrol.auth:53] Login successful: coach@test.com
[2026-05-11 20:13:19,232] INFO [fitcontrol.auth:53] Login successful: coach@test.com
[2026-05-11 20:13:19,232] INFO [fitcontrol.auth:53] Login successful: coach@test.com
[2026-05-11 20:13:19,232] INFO [fitcontrol.auth:53] Login successful: coach@test.com
[2026-05-11 20:13:19,232] INFO [fitcontrol.auth:53] Login successful: coach@test.com
[2026-05-11 20:13:19,232] INFO [fitcontrol.auth:53] Login successful: coach@test.com
[2026-05-11 20:13:19,232] INFO [fitcontrol.auth:53] Login successful: coach@test.com
[2026-05-11 20:13:19,232] INFO [fitcontrol.auth:53] Login successful: coach@test.com
[2026-05-11 20:13:19,232] INFO [fitcontrol.auth:53] Login successful: coach@test.com
[2026-05-11 20:13:19,232] INFO [fitcontrol.auth:53] Login successful: coach@test.com
[2026-05-11 20:13:19,232] INFO [fitcontrol.auth:53] Login successful: coach@test.com
[2026-05-11 20:13:19,232] INFO [fitcontrol.auth:53] Login successful: coach@test.com
[2026-05-11 20:13:20,053] INFO [fitcontrol.auth:53] Login successful: coach@test.com
[2026-05-11 20:13:20,053] INFO [fitcontrol.auth:53] Login successful: coach@test.com
[2026-05-11 20:13:20,053] INFO [fitcontrol.auth:53] Login successful: coach@test.com
[2026-05-11 20:13:20,053] INFO [fitcontrol.auth:53] Login successful: coach@test.com
[2026-05-11 20:13:20,053] INFO [fitcontrol.auth:53] Login successful: coach@test.com
[2026-05-11 20:13:20,053] INFO [fitcontrol.auth:53] Login successful: coach@test.com
[2026-05-11 20:13:20,053] INFO [fitcontrol.auth:53] Login successful: coach@test.com
[2026-05-11 20:13:20,053] INFO [fitcontrol.auth:53] Login successful: coach@test.com
[2026-05-11 20:13:20,053] INFO [fitcontrol.auth:53] Login successful: coach@test.com
[2026-05-11 20:13:20,053] INFO [fitcontrol.auth:53] Login successful: coach@test.com
[2026-05-11 20:13:20,053] INFO [fitcontrol.auth:53] Login successful: coach@test.com
[2026-05-11 20:13:20,053] INFO [fitcontrol.auth:53] Login successful: coach@test.com
[2026-05-11 20:13:20,053] INFO [fitcontrol.auth:53] Login successful: coach@test.com
[2026-05-11 20:13:20,053] INFO [fitcontrol.auth:53] Login successful: coach@test.com
[2026-05-11 20:13:20,885] INFO [fitcontrol.auth:53] Login successful: coach@test.com
[2026-05-11 20:13:20,885] INFO [fitcontrol.auth:53] Login successful: coach@test.com
[2026-05-11 20:13:20,885] INFO [fitcontrol.auth:53] Login successful: coach@test.com
[2026-05-11 20:13:20,885] INFO [fitcontrol.auth:53] Login successful: coach@test.com
[2026-05-11 20:13:20,885] INFO [fitcontrol.auth:53] Login successful: coach@test.com
[2026-05-11 20:13:20,885] INFO [fitcontrol.auth:53] Login successful: coach@test.com
[2026-05-11 20:13:20,885] INFO [fitcontrol.auth:53] Login successful: coach@test.com
[2026-05-11 20:13:20,885] INFO [fitcontrol.auth:53] Login successful: coach@test.com
[2026-05-11 20:13:20,885] INFO [fitcontrol.auth:53] Login successful: coach@test.com
[2026-05-11 20:13:20,885] INFO [fitcontrol.auth:53] Login successful: coach@test.com
[2026-05-11 20:13:20,885] INFO [fitcontrol.auth:53] Login successful: coach@test.com
[2026-05-11 20:13:20,885] INFO [fitcontrol.auth:53] Login successful: coach@test.com
[2026-05-11 20:13:20,885] INFO [fitcontrol.auth:53] Login successful: coach@test.com
[2026-05-11 20:13:20,885] INFO [fitcontrol.auth:53] Login successful: coach@test.com
[2026-05-11 20:13:20,885] INFO [fitcontrol.auth:53] Login successful: coach@test.com
[2026-05-11 20:13:21,677] INFO [fitcontrol.auth:53] Login successful: coach@test.com
[2026-05-11 20:13:21,677] INFO [fitcontrol.auth:53] Login successful: coach@test.com
[2026-05-11 20:13:21,677] INFO [fitcontrol.auth:53] Login successful: coach@test.com
[2026-05-11 20:13:21,677] INFO [fitcontrol.auth:53] Login successful: coach@test.com
[2026-05-11 20:13:21,677] INFO [fitcontrol.auth:53] Login successful: coach@test.com
[2026-05-11 20:13:21,677] INFO [fitcontrol.auth:53] Login successful: coach@test.com
[2026-05-11 20:13:21,677] INFO [fitcontrol.auth:53] Login successful: coach@test.com
[2026-05-11 20:13:21,677] INFO [fitcontrol.auth:53] Login successful: coach@test.com
[2026-05-11 20:13:21,677] INFO [fitcontrol.auth:53] Login successful: coach@test.com
[2026-05-11 20:13:21,677] INFO [fitcontrol.auth:53] Login successful: coach@test.com
[2026-05-11 20:13:21,677] INFO [fitcontrol.auth:53] Login successful: coach@test.com
[2026-05-11 20:13:21,677] INFO [fitcontrol.auth:53] Login successful: coach@test.com
[2026-05-11 20:13:21,677] INFO [fitcontrol.auth:53] Login successful: coach@test.com
[2026-05-11 20:13:21,677] INFO [fitcontrol.auth:53] Login successful: coach@test.com
[2026-05-11 20:13:21,677] INFO [fitcontrol.auth:53] Login successful: coach@test.com
[2026-05-11 20:13:21,677] INFO [fitcontrol.auth:53] Login successful: coach@test.com
